[Warning: No available X client -- cannot find font information] 
[> In listTrueTypeFonts>getFontDirs (line 197)
In listTrueTypeFonts>getFontFilesUNIX (line 165)
In listTrueTypeFonts (line 36)
In vision.internal.getFontNamesInCell (line 12)
In vision.internal.getDefaultFont (line 8)
In insertObjectAnnotation>getDefaultFont_sim (line 372)
In insertObjectAnnotation>getDefaultParameters (line 402)
In insertObjectAnnotation>validateAndParseOptInputs_sim (line 139)
In insertObjectAnnotation>validateAndParseInputs (line 120)
In insertObjectAnnotation (line 27)
In simpleYolo (line 50)
In run (line 112)] 

# net: tiny-yolov2-coco; task:dog1; class: ? score: 0.000000;  prepare detectortime: :2.215220; 
# load image time: 0.082115; detect object time: 1.879212

d1[0]=2.215220 
d1[1]=0.082115 
d1[2]=1.879212 
d1[3]=0.000000 
d1[4]=0 

# net: tiny-yolov3-coco; task:dog1; class: ? score: 0.000000;  prepare detectortime: :1.216590; 
# load image time: 0.011267; detect object time: 1.162998

d2[0]=1.216590 
d2[1]=0.011267 
d2[2]=1.162998 
d2[3]=0.000000 
d2[4]=0 

# net: tiny-yolov4-coco; task:dog1; class: ? score: 0.000000;  prepare detectortime: :0.724481; 
# load image time: 0.011218; detect object time: 0.834211

d3[0]=0.724481 
d3[1]=0.011218 
d3[2]=0.834211 
d3[3]=0.000000 
d3[4]=0 

# net: tiny-coco; task:dog1; class: dog score: 0.762755;  prepare detectortime: :2.480079; 
# load image time: 0.008365; detect object time: 1.289871

d4[0]=2.480079 
d4[1]=0.008365 
d4[2]=1.289871 
d4[3]=0.762755 
d4[4]=1 

# net: tiny-yolov2-coco; task:dog2; class: dog score: 0.879725;  prepare detectortime: :0.537821; 
# load image time: 0.020971; detect object time: 0.328719

e1[0]=0.537821 
e1[1]=0.020971 
e1[2]=0.328719 
e1[3]=0.879725 
e1[4]=1 

# net: tiny-yolov3-coco; task:dog2; class: dog score: 0.936445;  prepare detectortime: :0.413380; 
# load image time: 0.007661; detect object time: 0.327349

e2[0]=0.413380 
e2[1]=0.007661 
e2[2]=0.327349 
e2[3]=0.936445 
e2[4]=1 

# net: tiny-yolov4-coco; task:dog2; class: dog score: 0.588947;  prepare detectortime: :0.380252; 
# load image time: 0.005430; detect object time: 0.348653

e3[0]=0.380252 
e3[1]=0.005430 
e3[2]=0.348653 
e3[3]=0.588947 
e3[4]=1 

# net: tiny-coco; task:dog2; class: dog score: 0.922000;  prepare detectortime: :1.445068; 
# load image time: 0.005401; detect object time: 0.663471

e4[0]=1.445068 
e4[1]=0.005401 
e4[2]=0.663471 
e4[3]=0.922000 
e4[4]=1 

# net: tiny-yolov2-coco; task:team; class: person score: 0.707635;  prepare detectortime: :0.341283; 
# load image time: 0.052236; detect object time: 0.182049

f1[0]=0.341283 
f1[1]=0.052236 
f1[2]=0.182049 
f1[3]=0.707635 
f1[4]=6 

# net: tiny-yolov3-coco; task:team; class: person score: 0.949395;  prepare detectortime: :0.302406; 
# load image time: 0.016779; detect object time: 0.169239

f2[0]=0.302406 
f2[1]=0.016779 
f2[2]=0.169239 
f2[3]=0.949395 
f2[4]=9 

# net: tiny-yolov4-coco; task:team; class: person score: 0.718039;  prepare detectortime: :0.351707; 
# load image time: 0.011860; detect object time: 0.315525

f3[0]=0.351707 
f3[1]=0.011860 
f3[2]=0.315525 
f3[3]=0.718039 
f3[4]=6 

# net: tiny-coco; task:team; class: person score: 0.878444;  prepare detectortime: :1.283568; 
# load image time: 0.006966; detect object time: 0.609093

f4[0]=1.283568 
f4[1]=0.006966 
f4[2]=0.609093 
f4[3]=0.878444 
f4[4]=7 

