Compiled !
start: 
14:18:17.888918137
i: 0, j: 0

***************************************
epoch 01
** TEST ** errors 5 .. 95 : acc[95]%

i: 0, j: 1
epoch 02
***************************************
** TEST ** errors 4 .. 96 : acc[96]%

i: 0, j: 2

***************************************
** TEST ** errors 3 .. 97 : acc[97]%

i: 0, j: 3

***************************************
** TEST ** errors 4 .. 96 : acc[96]%

i: 0, j: 4

***************************************
** TEST ** errors 5 .. 95 : acc[95]%

i: 0, j: 5

***************************************
** TEST ** errors 2 .. 98 : acc[98]%

i: 0, j: 6

***************************************
** TEST ** errors 1 .. 99 : acc[99]%

i: 0, j: 7

***************************************
** TEST ** errors 1 .. 99 : acc[99]%

i: 0, j: 8

***************************************
** TEST ** errors 3 .. 97 : acc[97]%

i: 0, j: 9

***************************************
** TEST ** errors 1 .. 99 : acc[99]%

i: 0, j: 10

***************************************
** TEST ** errors 1 .. 99 : acc[99]%

i: 0, j: 11

***************************************
** TEST ** errors 0 .. 100 : acc[100]%

i: 0, j: 12

***************************************
** TEST ** errors 1 .. 99 : acc[99]%

i: 0, j: 13

***************************************
** TEST ** errors 2 .. 98 : acc[98]%

i: 0, j: 14

***************************************
** TEST ** errors 2 .. 98 : acc[98]%

i: 0, j: 15

***************************************
** TEST ** errors 2 .. 98 : acc[98]%

i: 0, j: 16

***************************************
** TEST ** errors 2 .. 98 : acc[98]%

i: 0, j: 17

***************************************
** TEST ** errors 3 .. 97 : acc[97]%

i: 0, j: 18

***************************************
** TEST ** errors 2 .. 98 : acc[98]%

i: 0, j: 19

***************************************
** TEST ** errors 2 .. 98 : acc[98]%

i: 0, j: 20

***************************************
** TEST ** errors 2 .. 98 : acc[98]%

i: 0, j: 21

***************************************
** TEST ** errors 2 .. 98 : acc[98]%

i: 0, j: 22

***************************************
** TEST ** errors 2 .. 98 : acc[98]%

i: 0, j: 23

***************************************
** TEST ** errors 2 .. 98 : acc[98]%

i: 0, j: 24

***************************************
** TEST ** errors 2 .. 98 : acc[98]%

i: 0, j: 25

***************************************
** TEST ** errors 2 .. 98 : acc[98]%

i: 0, j: 26

***************************************
** TEST ** errors 2 .. 98 : acc[98]%

i: 0, j: 27

***************************************
** TEST ** errors 2 .. 98 : acc[98]%

i: 0, j: 28

***************************************
** TEST ** errors 2 .. 98 : acc[98]%

i: 0, j: 29

***************************************
** TEST ** errors 2 .. 98 : acc[98]%

i: 0, j: 30

***************************************
** TEST ** errors 2 .. 98 : acc[98]%

i: 0, j: 31

***************************************
** TEST ** errors 2 .. 98 : acc[98]%

i: 0, j: 32

***************************************
** TEST ** errors 2 .. 98 : acc[98]%

i: 0, j: 33

***************************************
** TEST ** errors 2 .. 98 : acc[98]%

i: 0, j: 34

***************************************
** TEST ** errors 2 .. 98 : acc[98]%

i: 0, j: 35

***************************************
** TEST ** errors 2 .. 98 : acc[98]%

i: 0, j: 36

***************************************
** TEST ** errors 2 .. 98 : acc[98]%

i: 0, j: 37

***************************************
** TEST ** errors 2 .. 98 : acc[98]%

i: 0, j: 38

***************************************
** TEST ** errors 2 .. 98 : acc[98]%

i: 0, j: 39

***************************************
** TEST ** errors 2 .. 98 : acc[98]%

i: 0, j: 40

***************************************
** TEST ** errors 2 .. 98 : acc[98]%

i: 0, j: 41

***************************************
** TEST ** errors 2 .. 98 : acc[98]%

i: 0, j: 42

***************************************
** TEST ** errors 2 .. 98 : acc[98]%

i: 0, j: 43

***************************************
** TEST ** errors 2 .. 98 : acc[98]%

i: 0, j: 44

***************************************
** TEST ** errors 2 .. 98 : acc[98]%

i: 0, j: 45

***************************************
** TEST ** errors 2 .. 98 : acc[98]%

i: 0, j: 46

***************************************
** TEST ** errors 2 .. 98 : acc[98]%

i: 0, j: 47

***************************************
** TEST ** errors 2 .. 98 : acc[98]%

i: 0, j: 48

***************************************
** TEST ** errors 2 .. 98 : acc[98]%

i: 0, j: 49

***************************************
** TEST ** errors 2 .. 98 : acc[98]%



---------------------
start: 2025-10-05 14:18:18.113775087
end  : 2025-10-05 15:02:17.730047007
 -GAP - : 2639.616 [sek.]
end:
15:02:17.787444085
