E external/local_xla/xla/stream_executor/cuda/cuda_fft.cc:477] 
Unable to register cuFFT factory: 
Attempting to register factory for plugin cuFFT when 
one has already been registered

WARNING: All log messages before absl::InitializeLog() 
is called are written to STDERR

cuda_dnn.cc:8310] 
Unable to register cuDNN factory: Attempting to register 
factory for plugin cuDNN when one has already been registered

cuda_blas.cc:1418] 
Unable to register cuBLAS factory: Attempting to register 
factory for plugin cuBLAS when one has already been registered

I tensorflow/core/platform/cpu_feature_guard.cc:210] 
This TensorFlow binary is optimized to use available 
CPU instructions in performance-critical operations.

To enable the following instructions: SSE4.1 SSE4.2 AVX AVX2 FMA, 
in other operations, rebuild TensorFlow with the appropriate compiler flags.

2788 gpu_device.cc:2022] Created device /device:GPU:0 
with 10163 MB memory:  -> device: 0, 
name: NVIDIA GeForce RTX 4070, pci bus id: 0000:01:00.0, 
compute capability: 8.9

gpu_device.cc:2022] Created device 
/job:localhost/replica:0/task:0/device:GPU:0 
with 10163 MB memory:  -> device: 0, name: NVIDIA GeForce RTX 4070, 
pci bus id: 0000:01:00.0, compute capability: 8.9

service.cc:148] XLA service 0x7a0a8000aed0 initialized for platform CUDA 
(this does not guarantee that XLA will be used). Devices:

2815 service.cc:156]   StreamExecutor device (0): 
NVIDIA GeForce RTX 4070, Compute Capability 8.9

I tensorflow/compiler/mlir/tensorflow/utils/dump_mlir_util.cc:268] 
disabling MLIR crash reproducer, 
set env var `MLIR_CRASH_REPRODUCER_DIRECTORY` to enable.

cuda_dnn.cc:529] Loaded cuDNN version 90101
device_compiler.h:188] Compiled cluster using XLA!  
This line is logged at most once for the lifetime of the process.


