 cd /home/john/INZ/inz/MixedProj/03.MLP/java03/src/
 compiled ! 
---
 
start: 
15:56:30.614241370
end:
15:56:45.323673899
 cd /home/john/INZ/inz/MixedProj/03.MLP/java03/src/
 compiled ! 
---
 
start: 
15:57:21.794569078
epoch num: 5, 30.2%
epoch num: 10, 39.0375%
epoch num: 15, 51.6375%
epoch num: 20, 58.1625%
epoch num: 25, 63.0%
epoch num: 30, 62.725%
epoch num: 35, 68.275%
epoch num: 40, 73.925%
epoch num: 45, 75.175%
epoch num: 50, 76.1625%
epoch num: 55, 76.95%
epoch num: 60, 77.0125%
epoch num: 65, 77.7125%
epoch num: 70, 78.0125%
epoch num: 75, 79.0875%
epoch num: 80, 78.6625%
epoch num: 85, 79.9625%
epoch num: 90, 80.0125%
epoch num: 95, 80.75%
epoch num: 100, 81.375%
epoch num: 105, 81.3875%
epoch num: 110, 81.325%
epoch num: 115, 81.8%
epoch num: 120, 81.9875%
epoch num: 125, 81.7125%
epoch num: 130, 82.0%
epoch num: 135, 82.25%
epoch num: 140, 82.5375%
epoch num: 145, 82.4625%
epoch num: 150, 82.7375%
epoch num: 155, 82.775%
epoch num: 160, 82.9125%
epoch num: 165, 81.6625%
epoch num: 170, 82.375%
epoch num: 175, 82.35%
epoch num: 180, 82.775%
epoch num: 185, 82.625%
epoch num: 190, 82.525%
epoch num: 195, 82.6%
epoch num: 200, 82.425%
epoch num: 205, 82.525%
epoch num: 210, 82.6125%
epoch num: 215, 82.0%
epoch num: 220, 82.6125%
epoch num: 225, 82.925%
epoch num: 230, 82.9375%
epoch num: 235, 82.775%
epoch num: 240, 82.9%
epoch num: 245, 83.5875%
epoch num: 250, 83.5625%
epoch num: 255, 83.7375%
epoch num: 260, 83.9%
epoch num: 265, 83.975%
epoch num: 270, 83.9125%
epoch num: 275, 84.0125%
epoch num: 280, 84.05%
epoch num: 285, 83.4125%
epoch num: 290, 83.95%
epoch num: 295, 83.4875%
epoch num: 300, 83.675%
epoch num: 305, 84.3375%
epoch num: 310, 84.05%
epoch num: 315, 84.3375%
epoch num: 320, 83.8875%
epoch num: 325, 84.0875%
epoch num: 330, 84.1%
epoch num: 335, 84.1125%
epoch num: 340, 84.2125%
epoch num: 345, 83.9%
epoch num: 350, 84.325%
epoch num: 355, 84.35%
epoch num: 360, 83.7%
epoch num: 365, 83.8625%
epoch num: 370, 83.9375%
epoch num: 375, 83.9625%
epoch num: 380, 83.075%
epoch num: 385, 83.5875%
epoch num: 390, 83.3375%
epoch num: 395, 83.475%
epoch num: 400, 83.5625%
epoch num: 405, 83.7%
epoch num: 410, 83.625%
epoch num: 415, 83.875%
epoch num: 420, 83.875%
epoch num: 425, 83.75%
epoch num: 430, 83.9875%
epoch num: 435, 83.8125%
epoch num: 440, 83.025%
epoch num: 445, 82.6625%
epoch num: 450, 82.65%
epoch num: 455, 83.075%
epoch num: 460, 83.525%
epoch num: 465, 83.6%
epoch num: 470, 83.75%
epoch num: 475, 82.675%
epoch num: 480, 82.9875%
epoch num: 485, 82.95%
epoch num: 490, 83.125%
epoch num: 495, 82.8875%
epoch num: 500, 82.725%
epoch num: 505, 83.2625%
epoch num: 510, 83.025%
epoch num: 515, 83.5875%
epoch num: 520, 83.5125%
epoch num: 525, 83.5875%
epoch num: 530, 83.825%
epoch num: 535, 83.825%
epoch num: 540, 83.8625%
epoch num: 545, 82.125%
epoch num: 550, 82.6625%
epoch num: 555, 82.95%
epoch num: 560, 83.0125%
epoch num: 565, 83.0%
epoch num: 570, 83.1375%
epoch num: 575, 83.1625%
epoch num: 580, 83.15%
epoch num: 585, 83.175%
epoch num: 590, 83.2%
epoch num: 595, 83.1625%
epoch num: 600, 83.1625%
epoch num: 605, 83.1875%
epoch num: 610, 83.1%
epoch num: 615, 83.4%
epoch num: 620, 83.1875%
epoch num: 625, 83.15%
epoch num: 630, 83.25%
epoch num: 635, 83.2625%
epoch num: 640, 83.2625%
epoch num: 645, 83.3%
epoch num: 650, 83.525%
epoch num: 655, 83.4%
epoch num: 660, 82.875%
epoch num: 665, 83.2625%
epoch num: 670, 83.4125%
epoch num: 675, 83.1875%
epoch num: 680, 83.35%
epoch num: 685, 82.2625%
epoch num: 690, 82.75%
epoch num: 695, 82.9%
epoch num: 700, 83.3875%
epoch num: 705, 83.75%
epoch num: 710, 83.8%
epoch num: 715, 84.1375%
epoch num: 720, 84.1875%
epoch num: 725, 83.95%
epoch num: 730, 84.1%
epoch num: 735, 84.4%
epoch num: 740, 84.2625%
epoch num: 745, 83.875%
epoch num: 750, 84.0625%
epoch num: 755, 84.0625%
epoch num: 760, 83.95%
epoch num: 765, 84.35%
epoch num: 770, 84.3125%
epoch num: 775, 84.3%
epoch num: 780, 84.525%
epoch num: 785, 84.35%
epoch num: 790, 84.5375%
epoch num: 795, 84.6%
epoch num: 800, 84.2875%
epoch num: 805, 84.375%
epoch num: 810, 84.3875%
epoch num: 815, 84.6%
epoch num: 820, 84.375%
epoch num: 825, 84.6%
epoch num: 830, 84.4%
epoch num: 835, 84.425%
epoch num: 840, 84.525%
epoch num: 845, 84.4375%
epoch num: 850, 84.35%
epoch num: 855, 84.475%
epoch num: 860, 84.1375%
epoch num: 865, 84.725%
epoch num: 870, 84.6125%
epoch num: 875, 84.5625%
epoch num: 880, 84.6125%
epoch num: 885, 84.6%
epoch num: 890, 84.6125%
epoch num: 895, 84.6375%
epoch num: 900, 84.75%
epoch num: 905, 84.45%
epoch num: 910, 84.625%
epoch num: 915, 84.6%
epoch num: 920, 84.7125%
epoch num: 925, 84.825%
epoch num: 930, 84.6%
epoch num: 935, 84.6125%
epoch num: 940, 84.3875%
epoch num: 945, 84.7%
epoch num: 950, 84.45%
epoch num: 955, 84.6875%
epoch num: 960, 84.6625%
epoch num: 965, 84.775%
epoch num: 970, 84.5625%
epoch num: 975, 84.825%
epoch num: 980, 84.7125%
epoch num: 985, 84.65%
epoch num: 990, 84.7%
epoch num: 995, 84.5875%
epoch num: 1000, 84.7875%
epoch num: 1005, 84.875%
epoch num: 1010, 85.1125%
epoch num: 1015, 84.8375%
epoch num: 1020, 84.7%
epoch num: 1025, 84.6875%
epoch num: 1030, 84.6375%
epoch num: 1035, 84.775%
epoch num: 1040, 84.4625%
epoch num: 1045, 84.4875%
epoch num: 1050, 84.4875%
epoch num: 1055, 84.35%
epoch num: 1060, 84.325%
epoch num: 1065, 84.6%
epoch num: 1070, 84.575%
epoch num: 1075, 84.5875%
epoch num: 1080, 84.5375%
epoch num: 1085, 84.8125%
epoch num: 1090, 84.9%
epoch num: 1095, 84.85%
epoch num: 1100, 84.55%
epoch num: 1105, 84.725%
epoch num: 1110, 84.9625%
epoch num: 1115, 84.8125%
epoch num: 1120, 85.2625%
epoch num: 1125, 85.2875%
epoch num: 1130, 84.7625%
epoch num: 1135, 85.3625%
epoch num: 1140, 85.3%
epoch num: 1145, 85.275%
epoch num: 1150, 84.825%
epoch num: 1155, 84.95%
epoch num: 1160, 85.1625%
epoch num: 1165, 85.4%
epoch num: 1170, 85.3125%
epoch num: 1175, 85.3125%
epoch num: 1180, 85.4%
epoch num: 1185, 85.4125%
epoch num: 1190, 84.8125%
epoch num: 1195, 84.9625%
epoch num: 1200, 84.9875%
epoch num: 1205, 85.1625%
epoch num: 1210, 85.275%
epoch num: 1215, 85.3%
epoch num: 1220, 85.5375%
epoch num: 1225, 85.4125%
epoch num: 1230, 85.4125%
epoch num: 1235, 85.375%
epoch num: 1240, 84.0625%
epoch num: 1245, 84.475%
epoch num: 1250, 84.7875%


---------------------
start: 2025-10-04 15:57:22.012707529
end  : 2025-10-04 17:32:19.331843742
 -GAP - : 5697.319 [sek.]
end:
17:32:19.363670048
