----------- WINDOWS ----------------
GPU
/device:GPU:0

  1/313 [..............................] - ETA: 34s - loss: 0.5633 - accuracy: 0.8438
 30/313 [=>............................] - ETA: 0s - loss: 0.7003 - accuracy: 0.7802 
 61/313 [====>.........................] - ETA: 0s - loss: 0.7504 - accuracy: 0.7623
 92/313 [=======>......................] - ETA: 0s - loss: 0.7574 - accuracy: 0.7585
123/313 [==========>...................] - ETA: 0s - loss: 0.7550 - accuracy: 0.7564
154/313 [=============>................] - ETA: 0s - loss: 0.7511 - accuracy: 0.7585
184/313 [================>.............] - ETA: 0s - loss: 0.7129 - accuracy: 0.7728
214/313 [===================>..........] - ETA: 0s - loss: 0.7001 - accuracy: 0.7791
245/313 [======================>.......] - ETA: 0s - loss: 0.6727 - accuracy: 0.7889
275/313 [=========================>....] - ETA: 0s - loss: 0.6566 - accuracy: 0.7922
306/313 [============================>.] - ETA: 0s - loss: 0.6440 - accuracy: 0.7991
313/313 [==============================] - 1s 2ms/step - loss: 0.6474 - accuracy: 0.7989
# Python, MLP: 2x 64 Neu, data size= 60000 
# train: epochs= 5 , time= 19.641895055770874 [s], one epoch time= 3.928379011154175 [s], one forward&backward time= 0.06547298351923625 [ms]
# accuracy= 0.7989000082015991 , forward one epoch time= 0.7969269752502441 [s], one propagation time= 0.07969269752502442 [ms]

--------------------------------------

CUDA Linux
GPU
/device:GPU:0
459ms/step - accuracy: 0.9688 - loss: 0.2011
997us/step - accuracy: 0.9190 - loss: 0.2615
961us/step - accuracy: 0.9158 - loss: 0.2737
950us/step - accuracy: 0.9154 - loss: 0.2767
936us/step - accuracy: 0.9165 - loss: 0.2736
  2ms/step - accuracy: 0.9178 - loss: 0.2691
  2ms/step - accuracy: 0.9179 - loss: 0.2690
# Python, MLP: 2x 64 Neu, data size= 60000 
# train: epochs= 50 , time= 89.74873113632202 [s], one epoch time= 1.7949746227264405 [s], one forward&backward time= 0.02991624371210734 [ms]
# accuracy= 0.9266999959945679 , forward one epoch time= 1.2374343872070312 [s], one propagation time= 0.12374343872070312 [ms]
GPU
/device:GPU:0
