
ans = 

  CUDADevice with properties:

                      Name: 'NVIDIA GeForce RTX 4070'
                     Index: 1
         ComputeCapability: '8.9'
            SupportsDouble: 1
     GraphicsDriverVersion: '570.133.20'
               DriverModel: 'N/A'
            ToolkitVersion: 12.2000
        MaxThreadsPerBlock: 1024
          MaxShmemPerBlock: 49152 (49.15 KB)
        MaxThreadBlockSize: [1024 1024 64]
               MaxGridSize: [2.1475e+09 65535 65535]
                 SIMDWidth: 32
               TotalMemory: 12459507712 (12.46 GB)
           AvailableMemory: 12191727616 (12.19 GB)
               CachePolicy: 'balanced'
       MultiprocessorCount: 46
              ClockRateKHz: 2475000
               ComputeMode: 'Default'
      GPUOverlapsTransfers: 1
    KernelExecutionTimeout: 0
          CanMapHostMemory: 1
           DeviceSupported: 1
           DeviceAvailable: 1
            DeviceSelected: 1

*************************************************************************
Training a YOLO v4 Object Detector for the following object classes:

* sas

 
    <strong>Epoch</strong>    <strong>Iteration</strong>    <strong>TimeElapsed</strong>    <strong>LearnRate</strong>    <strong>TrainingLoss</strong>
    <strong>_____</strong>    <strong>_________</strong>    <strong>___________</strong>    <strong>_________</strong>    <strong>____________</strong>

ans = 

  CUDADevice with properties:

                      Name: 'NVIDIA GeForce RTX 4070'
                     Index: 1
         ComputeCapability: '8.9'
            SupportsDouble: 1
     GraphicsDriverVersion: '570.133.20'
               DriverModel: 'N/A'
            ToolkitVersion: 12.2000
        MaxThreadsPerBlock: 1024
          MaxShmemPerBlock: 49152 (49.15 KB)
        MaxThreadBlockSize: [1024 1024 64]
               MaxGridSize: [2.1475e+09 65535 65535]
                 SIMDWidth: 32
               TotalMemory: 12459507712 (12.46 GB)
           AvailableMemory: 12191727616 (12.19 GB)
               CachePolicy: 'balanced'
       MultiprocessorCount: 46
              ClockRateKHz: 2475000
               ComputeMode: 'Default'
      GPUOverlapsTransfers: 1
    KernelExecutionTimeout: 0
          CanMapHostMemory: 1
           DeviceSupported: 1
           DeviceAvailable: 1
            DeviceSelected: 1

*************************************************************************
Training a YOLO v4 Object Detector for the following object classes:

* sas

 
    <strong>Epoch</strong>    <strong>Iteration</strong>    <strong>TimeElapsed</strong>    <strong>LearnRate</strong>    <strong>TrainingLoss</strong>
    <strong>_____</strong>    <strong>_________</strong>    <strong>___________</strong>    <strong>_________</strong>    <strong>____________</strong>

ans = 

  CUDADevice with properties:

                      Name: 'NVIDIA GeForce RTX 4070'
                     Index: 1
         ComputeCapability: '8.9'
            SupportsDouble: 1
     GraphicsDriverVersion: '570.133.20'
               DriverModel: 'N/A'
            ToolkitVersion: 12.2000
        MaxThreadsPerBlock: 1024
          MaxShmemPerBlock: 49152 (49.15 KB)
        MaxThreadBlockSize: [1024 1024 64]
               MaxGridSize: [2.1475e+09 65535 65535]
                 SIMDWidth: 32
               TotalMemory: 12459507712 (12.46 GB)
           AvailableMemory: 12191727616 (12.19 GB)
               CachePolicy: 'balanced'
       MultiprocessorCount: 46
              ClockRateKHz: 2475000
               ComputeMode: 'Default'
      GPUOverlapsTransfers: 1
    KernelExecutionTimeout: 0
          CanMapHostMemory: 1
           DeviceSupported: 1
           DeviceAvailable: 1
            DeviceSelected: 1

*************************************************************************
Training a YOLO v4 Object Detector for the following object classes:

* sas

 
    <strong>Epoch</strong>    <strong>Iteration</strong>    <strong>TimeElapsed</strong>    <strong>LearnRate</strong>    <strong>TrainingLoss</strong>
    <strong>_____</strong>    <strong>_________</strong>    <strong>___________</strong>    <strong>_________</strong>    <strong>____________</strong>
