# net: tiny-yolov2-coco; task:dog1; class: ? score: 0.000000;  prepare detectortime: :2.230185; 
# load image time: 0.083492; detect object time: 1.877422 
library[ 0 ]=" tiny-yolov2-coco score:0.000000, find(0) " 
d0[0]=2.230185 
d1[0]=0.083492 
d2[0]=1.877422 
# net: tiny-yolov3-coco; task:dog1; class: ? score: 0.000000;  prepare detectortime: :1.225820; 
# load image time: 0.011383; detect object time: 1.161000 
library[ 1 ]=" tiny-yolov3-coco score:0.000000, find(0) " 
d0[1]=1.225820 
d1[1]=0.011383 
d2[1]=1.161000 
# net: tiny-yolov4-coco; task:dog1; class: ? score: 0.000000;  prepare detectortime: :0.718696; 
# load image time: 0.011418; detect object time: 0.780485 
library[ 2 ]=" tiny-yolov4-coco score:0.000000, find(0) " 
d0[2]=0.718696 
d1[2]=0.011418 
d2[2]=0.780485 
# net: tiny-coco; task:dog1; class: dog score: 0.762755;  prepare detectortime: :2.496382; 
# load image time: 0.008481; detect object time: 1.285220 
library[ 3 ]=" tiny-coco score:0.762755, find(1) " 
d0[3]=2.496382 
d1[3]=0.008481 
d2[3]=1.285220 
# net: tiny-yolov2-coco; task:dog2; class: dog score: 0.879725;  prepare detectortime: :0.523928; 
# load image time: 0.020516; detect object time: 0.320706 
library[ 0 ]=" tiny-yolov2-coco score:0.879725, find(1) " 
e0[0]=0.523928 
e1[0]=0.020516 
e2[0]=0.320706 
# net: tiny-yolov3-coco; task:dog2; class: dog score: 0.936445;  prepare detectortime: :0.404241; 
# load image time: 0.007615; detect object time: 0.318037 
library[ 1 ]=" tiny-yolov3-coco score:0.936445, find(1) " 
e0[1]=0.404241 
e1[1]=0.007615 
e2[1]=0.318037 
# net: tiny-yolov4-coco; task:dog2; class: dog score: 0.588947;  prepare detectortime: :0.371717; 
# load image time: 0.005622; detect object time: 0.299549 
library[ 2 ]=" tiny-yolov4-coco score:0.588947, find(1) " 
e0[2]=0.371717 
e1[2]=0.005622 
e2[2]=0.299549 
# net: tiny-coco; task:dog2; class: dog score: 0.922000;  prepare detectortime: :1.426154; 
# load image time: 0.005423; detect object time: 0.646664 
library[ 3 ]=" tiny-coco score:0.922000, find(1) " 
e0[3]=1.426154 
e1[3]=0.005423 
e2[3]=0.646664 
# net: tiny-yolov2-coco; task:team; class: person score: 0.707635;  prepare detectortime: :0.340283; 
# load image time: 0.053012; detect object time: 0.186609 
library[ 0 ]=" tiny-yolov2-coco score:0.707635, find(6) " 
f0[0]=0.340283 
f1[0]=0.053012 
f2[0]=0.186609 
# net: tiny-yolov3-coco; task:team; class: person score: 0.949395;  prepare detectortime: :0.301683; 
# load image time: 0.016144; detect object time: 0.165678 
library[ 1 ]=" tiny-yolov3-coco score:0.949395, find(9) " 
f0[1]=0.301683 
f1[1]=0.016144 
f2[1]=0.165678 
# net: tiny-yolov4-coco; task:team; class: person score: 0.718039;  prepare detectortime: :0.345861; 
# load image time: 0.011555; detect object time: 0.260877 
library[ 2 ]=" tiny-yolov4-coco score:0.718039, find(6) " 
f0[2]=0.345861 
f1[2]=0.011555 
f2[2]=0.260877 
# net: tiny-coco; task:team; class: person score: 0.878444;  prepare detectortime: :1.249539; 
# load image time: 0.007218; detect object time: 0.594101 
library[ 3 ]=" tiny-coco score:0.878444, find(7) " 
f0[3]=1.249539 
f1[3]=0.007218 
f2[3]=0.594101 
